[  4609.560] (WW) Failed to open protocol names file lib/xorg/protocol.txt
[  4609.564] 
X.Org X Server 1.20.10
X Protocol Version 11, Revision 0
[  4609.573] Build Operating System: Linux Artix Linux
[  4609.575] Current Operating System: Linux artbox 5.11.8-artix1-1 #1 SMP PREEMPT Sun, 21 Mar 2021 21:02:45 +0000 x86_64
[  4609.575] Kernel command line: BOOT_IMAGE=/boot/vmlinuz-linux root=UUID=7185644a-6429-4ee2-b091-d90c719a7f70 rw loglevel=3 quiet
[  4609.579] Build Date: 14 December 2020  12:57:17PM
[  4609.581]  
[  4609.584] Current version of pixman: 0.40.0
[  4609.589] 	Before reporting problems, check http://wiki.x.org
	to make sure that you have the latest version.
[  4609.589] Markers: (--) probed, (**) from config file, (==) default setting,
	(++) from command line, (!!) notice, (II) informational,
	(WW) warning, (EE) error, (NI) not implemented, (??) unknown.
[  4609.597] (==) Log file: "~/.local/share/xorg/Xorg.0.log", Time: Tue Mar 23 15:41:22 2021
[  4609.600] (==) Using system config directory "/usr/share/X11/xorg.conf.d"
[  4609.600] (==) No Layout section.  Using the first Screen section.
[  4609.600] (==) No screen section available. Using defaults.
[  4609.600] (**) |-->Screen "Default Screen Section" (0)
[  4609.600] (**) |   |-->Monitor "<default monitor>"
[  4609.601] (==) No monitor specified for screen "Default Screen Section".
	Using a default monitor configuration.
[  4609.601] (==) Automatically adding devices
[  4609.601] (==) Automatically enabling devices
[  4609.601] (==) Automatically adding GPU devices
[  4609.601] (==) Automatically binding GPU devices
[  4609.601] (==) Max clients allowed: 256, resource mask: 0x1fffff
[  4609.601] (WW) The directory "/usr/share/fonts/misc" does not exist.
[  4609.601] 	Entry deleted from font path.
[  4609.601] (WW) The directory "/usr/share/fonts/OTF" does not exist.
[  4609.601] 	Entry deleted from font path.
[  4609.601] (WW) The directory "/usr/share/fonts/Type1" does not exist.
[  4609.601] 	Entry deleted from font path.
[  4609.601] (==) FontPath set to:
	/usr/share/fonts/TTF,
	/usr/share/fonts/100dpi,
	/usr/share/fonts/75dpi
[  4609.601] (==) ModulePath set to "/usr/lib/xorg/modules"
[  4609.601] (II) The server relies on udev to provide the list of input devices.
	If no devices become available, reconfigure udev or disable AutoAddDevices.
[  4609.601] (II) Module ABI versions:
[  4609.601] 	X.Org ANSI C Emulation: 0.4
[  4609.601] 	X.Org Video Driver: 24.1
[  4609.601] 	X.Org XInput driver : 24.1
[  4609.601] 	X.Org Server Extension : 10.0
[  4609.605] (++) using VT number 1

[  4609.614] (II) systemd-logind: took control of session /org/freedesktop/login1/session/_31
[  4609.615] (II) xfree86: Adding drm device (/dev/dri/card0)
[  4609.617] (II) systemd-logind: got fd for /dev/dri/card0 226:0 fd 10 paused 0
[  4609.625] (--) PCI:*(0@0:2:0) 8086:22b1:103c:821d rev 53, Mem @ 0x80000000/16777216, 0x90000000/268435456, I/O @ 0x0000f000/64, BIOS @ 0x????????/131072
[  4609.625] (WW) Open ACPI failed (/var/run/acpid.socket) (No such file or directory)
[  4609.625] (II) LoadModule: "glx"
[  4609.626] (II) Loading /usr/lib/xorg/modules/extensions/libglx.so
[  4609.631] (II) Module glx: vendor="X.Org Foundation"
[  4609.631] 	compiled for 1.20.10, module version = 1.0.0
[  4609.631] 	ABI class: X.Org Server Extension, version 10.0
[  4609.631] (==) Matched intel as autoconfigured driver 0
[  4609.631] (==) Matched modesetting as autoconfigured driver 1
[  4609.631] (==) Matched fbdev as autoconfigured driver 2
[  4609.631] (==) Matched vesa as autoconfigured driver 3
[  4609.631] (==) Assigned the driver to the xf86ConfigLayout
[  4609.631] (II) LoadModule: "intel"
[  4609.631] (II) Loading /usr/lib/xorg/modules/drivers/intel_drv.so
[  4609.632] (II) Module intel: vendor="X.Org Foundation"
[  4609.632] 	compiled for 1.20.10, module version = 2.99.917
[  4609.632] 	Module class: X.Org Video Driver
[  4609.632] 	ABI class: X.Org Video Driver, version 24.1
[  4609.632] (II) LoadModule: "modesetting"
[  4609.632] (II) Loading /usr/lib/xorg/modules/drivers/modesetting_drv.so
[  4609.634] (II) Module modesetting: vendor="X.Org Foundation"
[  4609.634] 	compiled for 1.20.10, module version = 1.20.10
[  4609.634] 	Module class: X.Org Video Driver
[  4609.634] 	ABI class: X.Org Video Driver, version 24.1
[  4609.634] (II) LoadModule: "fbdev"
[  4609.635] (WW) Warning, couldn't open module fbdev
[  4609.635] (EE) Failed to load module "fbdev" (module does not exist, 0)
[  4609.635] (II) LoadModule: "vesa"
[  4609.635] (II) Loading /usr/lib/xorg/modules/drivers/vesa_drv.so
[  4609.635] (II) Module vesa: vendor="X.Org Foundation"
[  4609.635] 	compiled for 1.20.9, module version = 2.5.0
[  4609.635] 	Module class: X.Org Video Driver
[  4609.635] 	ABI class: X.Org Video Driver, version 24.1
[  4609.635] (II) intel: Driver for Intel(R) Integrated Graphics Chipsets:
	i810, i810-dc100, i810e, i815, i830M, 845G, 854, 852GM/855GM, 865G,
	915G, E7221 (i915), 915GM, 945G, 945GM, 945GME, Pineview GM,
	Pineview G, 965G, G35, 965Q, 946GZ, 965GM, 965GME/GLE, G33, Q35, Q33,
	GM45, 4 Series, G45/G43, Q45/Q43, G41, B43
[  4609.636] (II) intel: Driver for Intel(R) HD Graphics
[  4609.636] (II) intel: Driver for Intel(R) Iris(TM) Graphics
[  4609.636] (II) intel: Driver for Intel(R) Iris(TM) Pro Graphics
[  4609.636] (II) modesetting: Driver for Modesetting Kernel Drivers: kms
[  4609.636] (II) VESA: driver for VESA chipsets: vesa
[  4609.637] xf86EnableIOPorts: failed to set IOPL for I/O (Operation not permitted)
[  4609.637] (II) intel(0): Using Kernel Mode Setting driver: i915, version 1.6.0 20201103
[  4609.637] (II) intel(0): SNA compiled from 2.99.917-916-g31486f40
[  4609.654] (WW) Falling back to old probe method for modesetting
[  4609.655] (WW) VGA arbiter: cannot open kernel arbiter, no multi-card support
[  4609.656] (--) intel(0): Integrated Graphics Chipset: Intel(R) HD Graphics
[  4609.656] (--) intel(0): CPU: x86-64, sse2, sse3, ssse3, sse4.1, sse4.2; using a maximum of 4 threads
[  4609.656] (II) intel(0): Creating default Display subsection in Screen section
	"Default Screen Section" for depth/fbbpp 24/32
[  4609.656] (==) intel(0): Depth 24, (--) framebuffer bpp 32
[  4609.656] (==) intel(0): RGB weight 888
[  4609.656] (==) intel(0): Default visual is TrueColor
[  4609.659] (II) intel(0): Output DP1 has no monitor section
[  4609.659] (II) intel(0): Enabled output DP1
[  4609.659] (II) intel(0): Output HDMI1 has no monitor section
[  4609.660] (II) intel(0): Enabled output HDMI1
[  4609.660] (II) intel(0): Output DP2 has no monitor section
[  4609.660] (II) intel(0): Enabled output DP2
[  4609.660] (II) intel(0): Output HDMI2 has no monitor section
[  4609.661] (II) intel(0): Enabled output HDMI2
[  4609.661] (II) intel(0): Output DP3 has no monitor section
[  4609.661] (II) intel(0): Enabled output DP3
[  4609.661] (II) intel(0): Output HDMI3 has no monitor section
[  4609.662] (II) intel(0): Enabled output HDMI3
[  4609.662] (--) intel(0): Using a maximum size of 256x256 for hardware cursors
[  4609.662] (II) intel(0): Output VIRTUAL1 has no monitor section
[  4609.663] (II) intel(0): Enabled output VIRTUAL1
[  4609.663] (--) intel(0): Output DP2 using initial mode 1366x768 on pipe 0
[  4609.663] (==) intel(0): TearFree enabled
[  4609.663] (==) intel(0): Using gamma correction (1.0, 1.0, 1.0)
[  4609.663] (==) intel(0): DPI set to (96, 96)
[  4609.663] (II) Loading sub module "dri3"
[  4609.663] (II) LoadModule: "dri3"
[  4609.663] (II) Module "dri3" already built-in
[  4609.663] (II) Loading sub module "dri2"
[  4609.663] (II) LoadModule: "dri2"
[  4609.663] (II) Module "dri2" already built-in
[  4609.663] (II) Loading sub module "present"
[  4609.663] (II) LoadModule: "present"
[  4609.663] (II) Module "present" already built-in
[  4609.663] (II) UnloadModule: "modesetting"
[  4609.663] (II) Unloading modesetting
[  4609.664] (II) UnloadModule: "vesa"
[  4609.664] (II) Unloading vesa
[  4609.664] (II) intel(0): SNA initialized with Cherryview (gen8) backend
[  4609.664] (==) intel(0): Backing store enabled
[  4609.664] (==) intel(0): Silken mouse disabled
[  4609.664] (II) intel(0): HW Cursor enabled
[  4609.665] (==) intel(0): DPMS enabled
[  4609.666] (==) intel(0): Display hotplug detection enabled
[  4609.666] (II) intel(0): [DRI2] Setup complete
[  4609.667] (II) intel(0): [DRI2]   DRI driver: i965
[  4609.667] (II) intel(0): [DRI2]   VDPAU driver: va_gl
[  4609.667] (II) intel(0): direct rendering: DRI2 DRI3 enabled
[  4609.667] (II) intel(0): hardware support for Present enabled
[  4609.667] (II) Initializing extension Generic Event Extension
[  4609.667] (II) Initializing extension SHAPE
[  4609.667] (II) Initializing extension MIT-SHM
[  4609.667] (II) Initializing extension XInputExtension
[  4609.667] (II) Initializing extension XTEST
[  4609.667] (II) Initializing extension BIG-REQUESTS
[  4609.667] (II) Initializing extension SYNC
[  4609.667] (II) Initializing extension XKEYBOARD
[  4609.667] (II) Initializing extension XC-MISC
[  4609.667] (II) Initializing extension SECURITY
[  4609.667] (II) Initializing extension XFIXES
[  4609.667] (II) Initializing extension RENDER
[  4609.667] (II) Initializing extension RANDR
[  4609.667] (II) Initializing extension COMPOSITE
[  4609.667] (II) Initializing extension DAMAGE
[  4609.667] (II) Initializing extension MIT-SCREEN-SAVER
[  4609.667] (II) Initializing extension DOUBLE-BUFFER
[  4609.667] (II) Initializing extension RECORD
[  4609.668] (II) Initializing extension DPMS
[  4609.668] (II) Initializing extension Present
[  4609.668] (II) Initializing extension DRI3
[  4609.668] (II) Initializing extension X-Resource
[  4609.668] (II) Initializing extension XVideo
[  4609.668] (II) Initializing extension XVideo-MotionCompensation
[  4609.668] (II) Initializing extension GLX
[  4609.700] (II) AIGLX: Loaded and initialized i965
[  4609.700] (II) GLX: Initialized DRI2 GL provider for screen 0
[  4609.700] (II) Initializing extension XFree86-VidModeExtension
[  4609.700] (II) Initializing extension XFree86-DGA
[  4609.700] (II) Initializing extension XFree86-DRI
[  4609.700] (II) Initializing extension DRI2
[  4609.704] (II) intel(0): switch to mode 1366x768@60.0 on DP2 using pipe 0, position (0, 0), rotation normal, reflection none
[  4609.713] (II) intel(0): Setting screen physical size to 361 x 203
[  4609.856] (II) config/udev: Adding input device Power Button (/dev/input/event2)
[  4609.856] (**) Power Button: Applying InputClass "libinput keyboard catchall"
[  4609.856] (II) LoadModule: "libinput"
[  4609.857] (II) Loading /usr/lib/xorg/modules/input/libinput_drv.so
[  4609.859] (II) Module libinput: vendor="X.Org Foundation"
[  4609.859] 	compiled for 1.20.8, module version = 0.30.0
[  4609.859] 	Module class: X.Org XInput Driver
[  4609.859] 	ABI class: X.Org XInput driver, version 24.1
[  4609.859] (II) Using input driver 'libinput' for 'Power Button'
[  4609.862] (II) systemd-logind: got fd for /dev/input/event2 13:66 fd 15 paused 0
[  4609.862] (**) Power Button: always reports core events
[  4609.862] (**) Option "Device" "/dev/input/event2"
[  4609.862] (**) Option "_source" "server/udev"
[  4609.865] (II) event2  - Power Button: is tagged by udev as: Keyboard
[  4609.865] (II) event2  - Power Button: device is a keyboard
[  4609.865] (II) event2  - Power Button: device removed
[  4609.866] (**) Option "config_info" "udev:/sys/devices/LNXSYSTM:00/LNXPWRBN:00/input/input2/event2"
[  4609.866] (II) XINPUT: Adding extended input device "Power Button" (type: KEYBOARD, id 6)
[  4609.867] (II) event2  - Power Button: is tagged by udev as: Keyboard
[  4609.867] (II) event2  - Power Button: device is a keyboard
[  4609.867] (II) config/udev: Adding input device Video Bus (/dev/input/event6)
[  4609.867] (**) Video Bus: Applying InputClass "libinput keyboard catchall"
[  4609.867] (II) Using input driver 'libinput' for 'Video Bus'
[  4609.870] (II) systemd-logind: got fd for /dev/input/event6 13:70 fd 18 paused 0
[  4609.870] (**) Video Bus: always reports core events
[  4609.870] (**) Option "Device" "/dev/input/event6"
[  4609.870] (**) Option "_source" "server/udev"
[  4609.871] (II) event6  - Video Bus: is tagged by udev as: Keyboard
[  4609.872] (II) event6  - Video Bus: device is a keyboard
[  4609.872] (II) event6  - Video Bus: device removed
[  4609.872] (**) Option "config_info" "udev:/sys/devices/LNXSYSTM:00/LNXSYBUS:00/PNP0A08:00/LNXVIDEO:00/input/input6/event6"
[  4609.872] (II) XINPUT: Adding extended input device "Video Bus" (type: KEYBOARD, id 7)
[  4609.873] (II) event6  - Video Bus: is tagged by udev as: Keyboard
[  4609.873] (II) event6  - Video Bus: device is a keyboard
[  4609.874] (II) config/udev: Adding input device Power Button (/dev/input/event0)
[  4609.874] (**) Power Button: Applying InputClass "libinput keyboard catchall"
[  4609.874] (II) Using input driver 'libinput' for 'Power Button'
[  4609.876] (II) systemd-logind: got fd for /dev/input/event0 13:64 fd 19 paused 0
[  4609.876] (**) Power Button: always reports core events
[  4609.876] (**) Option "Device" "/dev/input/event0"
[  4609.877] (**) Option "_source" "server/udev"
[  4609.878] (II) event0  - Power Button: is tagged by udev as: Keyboard
[  4609.878] (II) event0  - Power Button: device is a keyboard
[  4609.878] (II) event0  - Power Button: device removed
[  4609.878] (**) Option "config_info" "udev:/sys/devices/LNXSYSTM:00/LNXSYBUS:00/PNP0C0C:00/input/input0/event0"
[  4609.878] (II) XINPUT: Adding extended input device "Power Button" (type: KEYBOARD, id 8)
[  4609.879] (II) event0  - Power Button: is tagged by udev as: Keyboard
[  4609.879] (II) event0  - Power Button: device is a keyboard
[  4609.880] (II) config/udev: Adding input device Sleep Button (/dev/input/event1)
[  4609.880] (**) Sleep Button: Applying InputClass "libinput keyboard catchall"
[  4609.880] (II) Using input driver 'libinput' for 'Sleep Button'
[  4609.883] (II) systemd-logind: got fd for /dev/input/event1 13:65 fd 20 paused 0
[  4609.883] (**) Sleep Button: always reports core events
[  4609.883] (**) Option "Device" "/dev/input/event1"
[  4609.883] (**) Option "_source" "server/udev"
[  4609.884] (II) event1  - Sleep Button: is tagged by udev as: Keyboard
[  4609.884] (II) event1  - Sleep Button: device is a keyboard
[  4609.885] (II) event1  - Sleep Button: device removed
[  4609.885] (**) Option "config_info" "udev:/sys/devices/LNXSYSTM:00/LNXSYBUS:00/PNP0C0E:00/input/input1/event1"
[  4609.885] (II) XINPUT: Adding extended input device "Sleep Button" (type: KEYBOARD, id 9)
[  4609.886] (II) event1  - Sleep Button: is tagged by udev as: Keyboard
[  4609.886] (II) event1  - Sleep Button: device is a keyboard
[  4609.888] (II) config/udev: Adding input device MOSART Semi. 2.4G INPUT DEVICE (/dev/input/event12)
[  4609.888] (**) MOSART Semi. 2.4G INPUT DEVICE: Applying InputClass "libinput keyboard catchall"
[  4609.888] (II) Using input driver 'libinput' for 'MOSART Semi. 2.4G INPUT DEVICE'
[  4609.890] (II) systemd-logind: got fd for /dev/input/event12 13:76 fd 21 paused 0
[  4609.890] (**) MOSART Semi. 2.4G INPUT DEVICE: always reports core events
[  4609.890] (**) Option "Device" "/dev/input/event12"
[  4609.890] (**) Option "_source" "server/udev"
[  4609.892] (II) event12 - MOSART Semi. 2.4G INPUT DEVICE: is tagged by udev as: Keyboard
[  4609.892] (II) event12 - MOSART Semi. 2.4G INPUT DEVICE: device is a keyboard
[  4609.892] (II) event12 - MOSART Semi. 2.4G INPUT DEVICE: device removed
[  4609.893] (**) Option "config_info" "udev:/sys/devices/pci0000:00/0000:00:14.0/usb1/1-2/1-2:1.0/0003:062A:4C01.0001/input/input12/event12"
[  4609.893] (II) XINPUT: Adding extended input device "MOSART Semi. 2.4G INPUT DEVICE" (type: KEYBOARD, id 10)
[  4609.895] (II) event12 - MOSART Semi. 2.4G INPUT DEVICE: is tagged by udev as: Keyboard
[  4609.895] (II) event12 - MOSART Semi. 2.4G INPUT DEVICE: device is a keyboard
[  4609.896] (II) config/udev: Adding input device MOSART Semi. 2.4G INPUT DEVICE Mouse (/dev/input/event13)
[  4609.896] (**) MOSART Semi. 2.4G INPUT DEVICE Mouse: Applying InputClass "libinput pointer catchall"
[  4609.896] (II) Using input driver 'libinput' for 'MOSART Semi. 2.4G INPUT DEVICE Mouse'
[  4609.898] (II) systemd-logind: got fd for /dev/input/event13 13:77 fd 22 paused 0
[  4609.898] (**) MOSART Semi. 2.4G INPUT DEVICE Mouse: always reports core events
[  4609.898] (**) Option "Device" "/dev/input/event13"
[  4609.898] (**) Option "_source" "server/udev"
[  4609.900] (II) event13 - MOSART Semi. 2.4G INPUT DEVICE Mouse: is tagged by udev as: Mouse
[  4609.901] (II) event13 - MOSART Semi. 2.4G INPUT DEVICE Mouse: device is a pointer
[  4609.901] (II) event13 - MOSART Semi. 2.4G INPUT DEVICE Mouse: device removed
[  4609.901] (**) Option "config_info" "udev:/sys/devices/pci0000:00/0000:00:14.0/usb1/1-2/1-2:1.1/0003:062A:4C01.0002/input/input13/event13"
[  4609.901] (II) XINPUT: Adding extended input device "MOSART Semi. 2.4G INPUT DEVICE Mouse" (type: MOUSE, id 11)
[  4609.901] (**) Option "AccelerationScheme" "none"
[  4609.902] (**) MOSART Semi. 2.4G INPUT DEVICE Mouse: (accel) selected scheme none/0
[  4609.902] (**) MOSART Semi. 2.4G INPUT DEVICE Mouse: (accel) acceleration factor: 2.000
[  4609.902] (**) MOSART Semi. 2.4G INPUT DEVICE Mouse: (accel) acceleration threshold: 4
[  4609.903] (II) event13 - MOSART Semi. 2.4G INPUT DEVICE Mouse: is tagged by udev as: Mouse
[  4609.903] (II) event13 - MOSART Semi. 2.4G INPUT DEVICE Mouse: device is a pointer
[  4609.904] (II) config/udev: Adding input device MOSART Semi. 2.4G INPUT DEVICE Mouse (/dev/input/mouse0)
[  4609.904] (II) No input driver specified, ignoring this device.
[  4609.904] (II) This device may have been added with another device file.
[  4609.905] (II) config/udev: Adding input device MOSART Semi. 2.4G INPUT DEVICE Consumer Control (/dev/input/event14)
[  4609.905] (**) MOSART Semi. 2.4G INPUT DEVICE Consumer Control: Applying InputClass "libinput keyboard catchall"
[  4609.905] (II) Using input driver 'libinput' for 'MOSART Semi. 2.4G INPUT DEVICE Consumer Control'
[  4609.908] (II) systemd-logind: got fd for /dev/input/event14 13:78 fd 23 paused 0
[  4609.908] (**) MOSART Semi. 2.4G INPUT DEVICE Consumer Control: always reports core events
[  4609.908] (**) Option "Device" "/dev/input/event14"
[  4609.908] (**) Option "_source" "server/udev"
[  4609.910] (II) event14 - MOSART Semi. 2.4G INPUT DEVICE Consumer Control: is tagged by udev as: Keyboard
[  4609.910] (II) event14 - MOSART Semi. 2.4G INPUT DEVICE Consumer Control: device is a keyboard
[  4609.910] (II) event14 - MOSART Semi. 2.4G INPUT DEVICE Consumer Control: device removed
[  4609.910] (II) libinput: MOSART Semi. 2.4G INPUT DEVICE Consumer Control: needs a virtual subdevice
[  4609.910] (**) Option "config_info" "udev:/sys/devices/pci0000:00/0000:00:14.0/usb1/1-2/1-2:1.1/0003:062A:4C01.0002/input/input14/event14"
[  4609.911] (II) XINPUT: Adding extended input device "MOSART Semi. 2.4G INPUT DEVICE Consumer Control" (type: MOUSE, id 12)
[  4609.911] (**) Option "AccelerationScheme" "none"
[  4609.911] (**) MOSART Semi. 2.4G INPUT DEVICE Consumer Control: (accel) selected scheme none/0
[  4609.911] (**) MOSART Semi. 2.4G INPUT DEVICE Consumer Control: (accel) acceleration factor: 2.000
[  4609.911] (**) MOSART Semi. 2.4G INPUT DEVICE Consumer Control: (accel) acceleration threshold: 4
[  4609.913] (II) event14 - MOSART Semi. 2.4G INPUT DEVICE Consumer Control: is tagged by udev as: Keyboard
[  4609.913] (II) event14 - MOSART Semi. 2.4G INPUT DEVICE Consumer Control: device is a keyboard
[  4609.914] (II) config/udev: Adding input device MOSART Semi. 2.4G INPUT DEVICE System Control (/dev/input/event15)
[  4609.914] (**) MOSART Semi. 2.4G INPUT DEVICE System Control: Applying InputClass "libinput keyboard catchall"
[  4609.914] (II) Using input driver 'libinput' for 'MOSART Semi. 2.4G INPUT DEVICE System Control'
[  4609.916] (II) systemd-logind: got fd for /dev/input/event15 13:79 fd 24 paused 0
[  4609.916] (**) MOSART Semi. 2.4G INPUT DEVICE System Control: always reports core events
[  4609.916] (**) Option "Device" "/dev/input/event15"
[  4609.917] (**) Option "_source" "server/udev"
[  4609.918] (II) event15 - MOSART Semi. 2.4G INPUT DEVICE System Control: is tagged by udev as: Keyboard
[  4609.919] (II) event15 - MOSART Semi. 2.4G INPUT DEVICE System Control: device is a keyboard
[  4609.919] (II) event15 - MOSART Semi. 2.4G INPUT DEVICE System Control: device removed
[  4609.919] (**) Option "config_info" "udev:/sys/devices/pci0000:00/0000:00:14.0/usb1/1-2/1-2:1.1/0003:062A:4C01.0002/input/input15/event15"
[  4609.919] (II) XINPUT: Adding extended input device "MOSART Semi. 2.4G INPUT DEVICE System Control" (type: KEYBOARD, id 13)
[  4609.921] (II) event15 - MOSART Semi. 2.4G INPUT DEVICE System Control: is tagged by udev as: Keyboard
[  4609.921] (II) event15 - MOSART Semi. 2.4G INPUT DEVICE System Control: device is a keyboard
[  4609.922] (II) config/udev: Adding input device MOSART Semi. 2.4G INPUT DEVICE (/dev/input/event16)
[  4609.922] (II) No input driver specified, ignoring this device.
[  4609.922] (II) This device may have been added with another device file.
[  4609.923] (II) config/udev: Adding input device Trust Webcam: Trust Webcam (/dev/input/event4)
[  4609.923] (**) Trust Webcam: Trust Webcam: Applying InputClass "libinput keyboard catchall"
[  4609.923] (II) Using input driver 'libinput' for 'Trust Webcam: Trust Webcam'
[  4609.925] (II) systemd-logind: got fd for /dev/input/event4 13:68 fd 25 paused 0
[  4609.925] (**) Trust Webcam: Trust Webcam: always reports core events
[  4609.925] (**) Option "Device" "/dev/input/event4"
[  4609.926] (**) Option "_source" "server/udev"
[  4609.927] (II) event4  - Trust Webcam: Trust Webcam: is tagged by udev as: Keyboard
[  4609.927] (II) event4  - Trust Webcam: Trust Webcam: device is a keyboard
[  4609.928] (II) event4  - Trust Webcam: Trust Webcam: device removed
[  4609.928] (**) Option "config_info" "udev:/sys/devices/pci0000:00/0000:00:14.0/usb1/1-5/1-5.4/1-5.4:1.0/input/input4/event4"
[  4609.928] (II) XINPUT: Adding extended input device "Trust Webcam: Trust Webcam" (type: KEYBOARD, id 14)
[  4609.930] (II) event4  - Trust Webcam: Trust Webcam: is tagged by udev as: Keyboard
[  4609.930] (II) event4  - Trust Webcam: Trust Webcam: device is a keyboard
[  4609.931] (II) config/udev: Adding input device HDA Intel PCH Front Headphone (/dev/input/event10)
[  4609.931] (II) No input driver specified, ignoring this device.
[  4609.931] (II) This device may have been added with another device file.
[  4609.931] (II) config/udev: Adding input device HDA Intel PCH HDMI/DP,pcm=3 (/dev/input/event11)
[  4609.931] (II) No input driver specified, ignoring this device.
[  4609.931] (II) This device may have been added with another device file.
[  4609.932] (II) config/udev: Adding input device HDA Intel PCH Mic (/dev/input/event7)
[  4609.932] (II) No input driver specified, ignoring this device.
[  4609.932] (II) This device may have been added with another device file.
[  4609.933] (II) config/udev: Adding input device HDA Intel PCH Line (/dev/input/event8)
[  4609.933] (II) No input driver specified, ignoring this device.
[  4609.933] (II) This device may have been added with another device file.
[  4609.933] (II) config/udev: Adding input device HDA Intel PCH Line Out (/dev/input/event9)
[  4609.933] (II) No input driver specified, ignoring this device.
[  4609.933] (II) This device may have been added with another device file.
[  4609.934] (II) config/udev: Adding input device PC Speaker (/dev/input/event3)
[  4609.934] (II) No input driver specified, ignoring this device.
[  4609.934] (II) This device may have been added with another device file.
[  4609.937] (II) config/udev: Adding input device HP WMI hotkeys (/dev/input/event5)
[  4609.938] (**) HP WMI hotkeys: Applying InputClass "libinput keyboard catchall"
[  4609.938] (II) Using input driver 'libinput' for 'HP WMI hotkeys'
[  4609.940] (II) systemd-logind: got fd for /dev/input/event5 13:69 fd 26 paused 0
[  4609.940] (**) HP WMI hotkeys: always reports core events
[  4609.940] (**) Option "Device" "/dev/input/event5"
[  4609.940] (**) Option "_source" "server/udev"
[  4609.941] (II) event5  - HP WMI hotkeys: is tagged by udev as: Keyboard Switch
[  4609.941] (II) event5  - HP WMI hotkeys: device is a keyboard
[  4609.941] (II) event5  - HP WMI hotkeys: device removed
[  4609.941] (**) Option "config_info" "udev:/sys/devices/virtual/input/input5/event5"
[  4609.941] (II) XINPUT: Adding extended input device "HP WMI hotkeys" (type: KEYBOARD, id 15)
[  4609.942] (II) event5  - HP WMI hotkeys: is tagged by udev as: Keyboard Switch
[  4609.942] (II) event5  - HP WMI hotkeys: device is a keyboard
[  4609.963] (**) MOSART Semi. 2.4G INPUT DEVICE Consumer Control: Applying InputClass "libinput keyboard catchall"
[  4609.963] (II) Using input driver 'libinput' for 'MOSART Semi. 2.4G INPUT DEVICE Consumer Control'
[  4609.963] (II) systemd-logind: returning pre-existing fd for /dev/input/event14 13:78
[  4609.963] (**) MOSART Semi. 2.4G INPUT DEVICE Consumer Control: always reports core events
[  4609.963] (**) Option "Device" "/dev/input/event14"
[  4609.963] (**) Option "_source" "_driver/libinput"
[  4609.963] (II) libinput: MOSART Semi. 2.4G INPUT DEVICE Consumer Control: is a virtual subdevice
[  4609.963] (**) Option "config_info" "udev:/sys/devices/pci0000:00/0000:00:14.0/usb1/1-2/1-2:1.1/0003:062A:4C01.0002/input/input14/event14"
[  4609.964] (II) XINPUT: Adding extended input device "MOSART Semi. 2.4G INPUT DEVICE Consumer Control" (type: KEYBOARD, id 16)
[  4847.877] (EE) event13 - MOSART Semi. 2.4G INPUT DEVICE Mouse: client bug: event processing lagging behind by 14ms, your system is too slow
[  5233.864] (EE) event13 - MOSART Semi. 2.4G INPUT DEVICE Mouse: client bug: event processing lagging behind by 11ms, your system is too slow
[  5364.512] (EE) event13 - MOSART Semi. 2.4G INPUT DEVICE Mouse: client bug: event processing lagging behind by 30ms, your system is too slow
[  5364.513] (EE) event12 - MOSART Semi. 2.4G INPUT DEVICE: client bug: event processing lagging behind by 14ms, your system is too slow
[  5445.368] (EE) event13 - MOSART Semi. 2.4G INPUT DEVICE Mouse: client bug: event processing lagging behind by 13ms, your system is too slow
[  5458.964] (EE) event13 - MOSART Semi. 2.4G INPUT DEVICE Mouse: client bug: event processing lagging behind by 15ms, your system is too slow
[  5458.964] (EE) event13 - MOSART Semi. 2.4G INPUT DEVICE Mouse: WARNING: log rate limit exceeded (5 msgs per 60min). Discarding future messages.
[  5527.471] (EE) event12 - MOSART Semi. 2.4G INPUT DEVICE: client bug: event processing lagging behind by 413ms, your system is too slow
[  5604.086] (EE) event12 - MOSART Semi. 2.4G INPUT DEVICE: client bug: event processing lagging behind by 12ms, your system is too slow
[  5765.202] (EE) event12 - MOSART Semi. 2.4G INPUT DEVICE: client bug: event processing lagging behind by 26ms, your system is too slow
[  6051.827] (EE) event12 - MOSART Semi. 2.4G INPUT DEVICE: client bug: event processing lagging behind by 30ms, your system is too slow
[  6051.827] (EE) event12 - MOSART Semi. 2.4G INPUT DEVICE: WARNING: log rate limit exceeded (5 msgs per 60min). Discarding future messages.
[  6095.153] (EE) client bug: timer event13 debounce short: scheduled expiry is in the past (-1ms), your system is too slow
[  6696.159] (EE) client bug: timer event13 debounce short: scheduled expiry is in the past (-12ms), your system is too slow
[  7133.573] (**) Option "fd" "15"
[  7133.573] (II) event2  - Power Button: device removed
[  7133.573] (**) Option "fd" "18"
[  7133.573] (II) event6  - Video Bus: device removed
[  7133.573] (**) Option "fd" "19"
[  7133.573] (II) event0  - Power Button: device removed
[  7133.573] (**) Option "fd" "20"
[  7133.573] (II) event1  - Sleep Button: device removed
[  7133.573] (**) Option "fd" "21"
[  7133.574] (II) event12 - MOSART Semi. 2.4G INPUT DEVICE: device removed
[  7133.574] (**) Option "fd" "22"
[  7133.574] (II) event13 - MOSART Semi. 2.4G INPUT DEVICE Mouse: device removed
[  7133.574] (**) Option "fd" "23"
[  7133.574] (**) Option "fd" "24"
[  7133.574] (II) event15 - MOSART Semi. 2.4G INPUT DEVICE System Control: device removed
[  7133.574] (**) Option "fd" "25"
[  7133.574] (II) event4  - Trust Webcam: Trust Webcam: device removed
[  7133.574] (**) Option "fd" "26"
[  7133.574] (II) event5  - HP WMI hotkeys: device removed
[  7133.574] (**) Option "fd" "23"
[  7133.574] (II) event14 - MOSART Semi. 2.4G INPUT DEVICE Consumer Control: device removed
[  7133.575] (II) UnloadModule: "libinput"
[  7133.575] (II) systemd-logind: not releasing fd for 13:78, still in use
[  7133.575] (II) UnloadModule: "libinput"
[  7133.576] (II) systemd-logind: releasing fd for 13:69
[  7133.803] (II) UnloadModule: "libinput"
[  7133.803] (II) systemd-logind: releasing fd for 13:68
[  7133.809] (EE) systemd-logind: failed to release device: Unknown object '/org/freedesktop/login1/session/_31'.
[  7133.835] (II) UnloadModule: "libinput"
[  7133.836] (II) systemd-logind: releasing fd for 13:79
[  7133.836] (EE) systemd-logind: failed to release device: Unknown object '/org/freedesktop/login1/session/_31'.
[  7133.850] (II) UnloadModule: "libinput"
[  7133.850] (II) systemd-logind: releasing fd for 13:78
[  7133.850] (EE) systemd-logind: failed to release device: Unknown object '/org/freedesktop/login1/session/_31'.
[  7133.869] (II) UnloadModule: "libinput"
[  7133.870] (II) systemd-logind: releasing fd for 13:77
[  7133.870] (EE) systemd-logind: failed to release device: Unknown object '/org/freedesktop/login1/session/_31'.
[  7133.903] (II) UnloadModule: "libinput"
[  7133.903] (II) systemd-logind: releasing fd for 13:76
[  7133.904] (EE) systemd-logind: failed to release device: Unknown object '/org/freedesktop/login1/session/_31'.
[  7133.919] (II) UnloadModule: "libinput"
[  7133.920] (II) systemd-logind: releasing fd for 13:65
[  7133.920] (EE) systemd-logind: failed to release device: Unknown object '/org/freedesktop/login1/session/_31'.
[  7133.936] (II) UnloadModule: "libinput"
[  7133.936] (II) systemd-logind: releasing fd for 13:64
[  7133.937] (EE) systemd-logind: failed to release device: Unknown object '/org/freedesktop/login1/session/_31'.
[  7133.959] (II) UnloadModule: "libinput"
[  7133.959] (II) systemd-logind: releasing fd for 13:70
[  7133.960] (EE) systemd-logind: failed to release device: Unknown object '/org/freedesktop/login1/session/_31'.
[  7133.990] (II) UnloadModule: "libinput"
[  7133.990] (II) systemd-logind: releasing fd for 13:66
[  7133.991] (EE) systemd-logind: failed to release device: Unknown object '/org/freedesktop/login1/session/_31'.
[  7134.019] (WW) xf86CloseConsole: KDSETMODE failed: Input/output error
[  7134.020] (WW) xf86CloseConsole: VT_GETMODE failed: Input/output error
[  7134.020] (WW) xf86CloseConsole: VT_ACTIVATE failed: Input/output error
[  7134.021] (EE) systemd-logind: ReleaseControl failed: Unknown object '/org/freedesktop/login1/session/_31'.
[  7134.021] (II) Server terminated successfully (0). Closing log file.
